<?xml version="1.0" encoding="UTF-8"?>
<!-- Generated by org.testng.reporters.JUnitXMLReporter -->
<testsuite ignored="0" hostname="Admin" failures="0" tests="5" name="testGuru" time="119.631" errors="0" timestamp="11 Aug 2018 19:24:22 GMT">
  <testcase classname="tests.HomePageTest" name="verifyManagerID" time="0.285"/>
  <testcase classname="tests.HomePageTest" name="verifyWelcomeMessage" time="0.065"/>
  <testcase classname="tests.LoginTest" name="verifyLoginPageTitle" time="0.011"/>
  <testcase classname="tests.LoginTest" name="verifyLabelDisplay" time="0.067"/>
  <testcase classname="tests.LoginTest" name="loginTest" time="3.424"/>
</testsuite> <!-- testGuru -->
